#
# There is insufficient memory for the Java Runtime Environment to continue.
# Native memory allocation (malloc) failed to allocate 32744 bytes for ChunkPool::allocate
# Possible reasons:
#   The system is out of physical RAM or swap space
#   The process is running with CompressedOops enabled, and the Java Heap may be blocking the growth of the native heap
# Possible solutions:
#   Reduce memory load on the system
#   Increase physical memory or swap space
#   Check if swap backing store is full
#   Decrease Java heap size (-Xmx/-Xms)
#   Decrease number of Java threads
#   Decrease Java thread stack sizes (-Xss)
#   Set larger code cache with -XX:ReservedCodeCacheSize=
#   JVM is running with Unscaled Compressed Oops mode in which the Java heap is
#     placed in the first 4GB address space. The Java Heap base address is the
#     maximum limit for the native heap growth. Please use -XX:HeapBaseMinAddress
#     to set the Java Heap base and to place the Java Heap above 4GB virtual address.
# This output file may be truncated or incomplete.
#
#  Out of Memory Error (allocation.cpp:272), pid=7960, tid=0x0000000000000f80
#
# JRE version: OpenJDK Runtime Environment (8.0_372-b07) (build 1.8.0_372-b07)
# Java VM: OpenJDK 64-Bit Server VM (25.372-b07 mixed mode windows-amd64 compressed oops)
# Failed to write core dump. Minidumps are not enabled by default on client versions of Windows
#

---------------  T H R E A D  ---------------

Current thread (0x000001faa6c84000):  JavaThread "Daemon worker" [_thread_in_vm, id=3968, stack(0x000000bb48900000,0x000000bb48a00000)]

Stack: [0x000000bb48900000,0x000000bb48a00000]
[error occurred during error reporting (printing stack bounds), id 0xc0000005]

Native frames: (J=compiled Java code, j=interpreted, Vv=VM code, C=native code)

Java frames: (J=compiled Java code, j=interpreted, Vv=VM code)
J 1120  java.lang.ClassLoader.defineClass1(Ljava/lang/String;[BIILjava/security/ProtectionDomain;Ljava/lang/String;)Ljava/lang/Class; (0 bytes) @ 0x000001fa906f0e5f [0x000001fa906f0dc0+0x9f]
J 768 C1 java.lang.ClassLoader.defineClass(Ljava/lang/String;[BIILjava/security/ProtectionDomain;)Ljava/lang/Class; (43 bytes) @ 0x000001fa9058f064 [0x000001fa9058ea80+0x5e4]
J 709 C1 java.net.URLClassLoader.defineClass(Ljava/lang/String;Lsun/misc/Resource;)Ljava/lang/Class; (142 bytes) @ 0x000001fa90570f8c [0x000001fa9056f400+0x1b8c]
J 624 C1 java.net.URLClassLoader$1.run()Ljava/lang/Class; (81 bytes) @ 0x000001fa9051ac94 [0x000001fa9051a9c0+0x2d4]
J 623 C1 java.net.URLClassLoader$1.run()Ljava/lang/Object; (5 bytes) @ 0x000001fa9051a60c [0x000001fa9051a580+0x8c]
v  ~StubRoutines::call_stub
J 510  java.security.AccessController.doPrivileged(Ljava/security/PrivilegedExceptionAction;Ljava/security/AccessControlContext;)Ljava/lang/Object; (0 bytes) @ 0x000001fa904c0266 [0x000001fa904c0200+0x66]
J 1669 C2 java.net.URLClassLoader.findClass(Ljava/lang/String;)Ljava/lang/Class; (47 bytes) @ 0x000001fa90864730 [0x000001fa908646a0+0x90]
J 1539 C2 java.lang.ClassLoader.loadClass(Ljava/lang/String;Z)Ljava/lang/Class; (122 bytes) @ 0x000001fa908174e0 [0x000001fa908164c0+0x1020]
J 629 C1 java.lang.ClassLoader.loadClass(Ljava/lang/String;)Ljava/lang/Class; (7 bytes) @ 0x000001fa9051c18c [0x000001fa9051c080+0x10c]
v  ~StubRoutines::call_stub
j  org.gradle.internal.work.DefaultWorkerLeaseService.locksNotHeld(Ljava/util/Collection;)Ljava/util/Collection;+20
j  org.gradle.internal.work.DefaultWorkerLeaseService.withLocks(Ljava/util/Collection;Lorg/gradle/internal/Factory;)Ljava/lang/Object;+2
j  org.gradle.internal.work.DefaultWorkerLeaseService.runAsWorkerThread(Lorg/gradle/internal/Factory;)Ljava/lang/Object;+33
j  org.gradle.launcher.exec.RunAsWorkerThreadBuildActionExecutor.execute(Lorg/gradle/internal/invocation/BuildAction;Lorg/gradle/internal/session/BuildSessionContext;)Lorg/gradle/internal/buildtree/BuildActionRunner$Result;+12
j  org.gradle.tooling.internal.provider.continuous.ContinuousBuildActionExecutor.execute(Lorg/gradle/internal/invocation/BuildAction;Lorg/gradle/internal/session/BuildSessionContext;)Lorg/gradle/internal/buildtree/BuildActionRunner$Result;+58
j  org.gradle.tooling.internal.provider.SubscribableBuildActionExecutor.execute(Lorg/gradle/internal/invocation/BuildAction;Lorg/gradle/internal/session/BuildSessionContext;)Lorg/gradle/internal/buildtree/BuildActionRunner$Result;+30
j  org.gradle.internal.session.DefaultBuildSessionContext.execute(Lorg/gradle/internal/invocation/BuildAction;)Lorg/gradle/internal/buildtree/BuildActionRunner$Result;+64
j  org.gradle.tooling.internal.provider.BuildSessionLifecycleBuildActionExecuter$ActionImpl.apply(Lorg/gradle/internal/session/BuildSessionContext;)Lorg/gradle/launcher/exec/BuildActionResult;+6
j  org.gradle.tooling.internal.provider.BuildSessionLifecycleBuildActionExecuter$ActionImpl.apply(Ljava/lang/Object;)Ljava/lang/Object;+5
j  org.gradle.internal.session.BuildSessionState.run(Ljava/util/function/Function;)Ljava/lang/Object;+5
j  org.gradle.tooling.internal.provider.BuildSessionLifecycleBuildActionExecuter.execute(Lorg/gradle/internal/invocation/BuildAction;Lorg/gradle/launcher/exec/BuildActionParameters;Lorg/gradle/initialization/BuildRequestContext;)Lorg/gradle/launcher/exec/BuildActionResult;+95
j  org.gradle.tooling.internal.provider.BuildSessionLifecycleBuildActionExecuter.execute(Lorg/gradle/internal/invocation/BuildAction;Ljava/lang/Object;Ljava/lang/Object;)Lorg/gradle/launcher/exec/BuildActionResult;+10
j  org.gradle.tooling.internal.provider.StartParamsValidatingActionExecuter.execute(Lorg/gradle/internal/invocation/BuildAction;Lorg/gradle/launcher/exec/BuildActionParameters;Lorg/gradle/initialization/BuildRequestContext;)Lorg/gradle/launcher/exec/BuildActionResult;+177
j  org.gradle.tooling.internal.provider.StartParamsValidatingActionExecuter.execute(Lorg/gradle/internal/invocation/BuildAction;Ljava/lang/Object;Ljava/lang/Object;)Lorg/gradle/launcher/exec/BuildActionResult;+10
j  org.gradle.tooling.internal.provider.SessionFailureReportingActionExecuter.execute(Lorg/gradle/internal/invocation/BuildAction;Lorg/gradle/launcher/exec/BuildActionParameters;Lorg/gradle/initialization/BuildRequestContext;)Lorg/gradle/launcher/exec/BuildActionResult;+7
j  org.gradle.tooling.internal.provider.SessionFailureReportingActionExecuter.execute(Lorg/gradle/internal/invocation/BuildAction;Ljava/lang/Object;Ljava/lang/Object;)Lorg/gradle/launcher/exec/BuildActionResult;+10
j  org.gradle.tooling.internal.provider.SetupLoggingActionExecuter.execute(Lorg/gradle/internal/invocation/BuildAction;Lorg/gradle/launcher/exec/BuildActionParameters;Lorg/gradle/initialization/BuildRequestContext;)Lorg/gradle/launcher/exec/BuildActionResult;+50
j  org.gradle.tooling.internal.provider.SetupLoggingActionExecuter.execute(Lorg/gradle/internal/invocation/BuildAction;Ljava/lang/Object;Ljava/lang/Object;)Lorg/gradle/launcher/exec/BuildActionResult;+10
j  org.gradle.launcher.daemon.server.exec.ExecuteBuild.doBuild(Lorg/gradle/launcher/daemon/server/api/DaemonCommandExecution;Lorg/gradle/launcher/daemon/protocol/Build;)V+117
j  org.gradle.launcher.daemon.server.exec.BuildCommandOnly.execute(Lorg/gradle/launcher/daemon/server/api/DaemonCommandExecution;)V+49
j  org.gradle.launcher.daemon.server.api.DaemonCommandExecution.proceed()Z+23
j  org.gradle.launcher.daemon.server.exec.WatchForDisconnection.execute(Lorg/gradle/launcher/daemon/server/api/DaemonCommandExecution;)V+19
j  org.gradle.launcher.daemon.server.api.DaemonCommandExecution.proceed()Z+23
j  org.gradle.launcher.daemon.server.exec.ResetDeprecationLogger.execute(Lorg/gradle/launcher/daemon/server/api/DaemonCommandExecution;)V+7
j  org.gradle.launcher.daemon.server.api.DaemonCommandExecution.proceed()Z+23
j  org.gradle.launcher.daemon.server.exec.RequestStopIfSingleUsedDaemon.execute(Lorg/gradle/launcher/daemon/server/api/DaemonCommandExecution;)V+33
j  org.gradle.launcher.daemon.server.api.DaemonCommandExecution.proceed()Z+23
j  org.gradle.launcher.daemon.server.exec.ForwardClientInput$2.create()Ljava/lang/Void;+4
j  org.gradle.launcher.daemon.server.exec.ForwardClientInput$2.create()Ljava/lang/Object;+1
j  org.gradle.util.internal.Swapper.swap(Ljava/lang/Object;Lorg/gradle/internal/Factory;)Ljava/lang/Object;+21
j  org.gradle.launcher.daemon.server.exec.ForwardClientInput.execute(Lorg/gradle/launcher/daemon/server/api/DaemonCommandExecution;)V+63
j  org.gradle.launcher.daemon.server.api.DaemonCommandExecution.proceed()Z+23
j  org.gradle.launcher.daemon.server.exec.LogAndCheckHealth.execute(Lorg/gradle/launcher/daemon/server/api/DaemonCommandExecution;)V+51
j  org.gradle.launcher.daemon.server.api.DaemonCommandExecution.proceed()Z+23
j  org.gradle.launcher.daemon.server.exec.LogToClient.doBuild(Lorg/gradle/launcher/daemon/server/api/DaemonCommandExecution;Lorg/gradle/launcher/daemon/protocol/Build;)V+87
j  org.gradle.launcher.daemon.server.exec.BuildCommandOnly.execute(Lorg/gradle/launcher/daemon/server/api/DaemonCommandExecution;)V+49
j  org.gradle.launcher.daemon.server.api.DaemonCommandExecution.proceed()Z+23
j  org.gradle.launcher.daemon.server.exec.EstablishBuildEnvironment.doBuild(Lorg/gradle/launcher/daemon/server/api/DaemonCommandExecution;Lorg/gradle/launcher/daemon/protocol/Build;)V+356
j  org.gradle.launcher.daemon.server.exec.BuildCommandOnly.execute(Lorg/gradle/launcher/daemon/server/api/DaemonCommandExecution;)V+49
j  org.gradle.launcher.daemon.server.api.DaemonCommandExecution.proceed()Z+23
j  org.gradle.launcher.daemon.server.exec.StartBuildOrRespondWithBusy$1.run()V+44
j  org.gradle.launcher.daemon.server.DaemonStateCoordinator$1.run()V+4
j  org.gradle.internal.concurrent.ExecutorPolicy$CatchAndRecordFailures.onExecute(Ljava/lang/Runnable;)V+1
j  org.gradle.internal.concurrent.ManagedExecutorImpl$1.run()V+25
j  java.util.concurrent.ThreadPoolExecutor.runWorker(Ljava/util/concurrent/ThreadPoolExecutor$Worker;)V+95
j  java.util.concurrent.ThreadPoolExecutor$Worker.run()V+5
j  java.lang.Thread.run()V+11
v  ~StubRoutines::call_stub

---------------  P R O C E S S  ---------------

Java Threads: ( => current thread )
  0x000001faa89b2000 JavaThread "File lock release action executor" [_thread_blocked, id=11084, stack(0x000000bb48f00000,0x000000bb49000000)]
  0x000001faa89b2800 JavaThread "File lock request listener" [_thread_in_native, id=3768, stack(0x000000bb48e00000,0x000000bb48f00000)]
  0x000001faa89b4000 JavaThread "Cache worker for journal cache (C:\Users\РЎРµСЂРіРµР№\.gradle\caches\journal-1)" [_thread_blocked, id=10528, stack(0x000000bb48d00000,0x000000bb48e00000)]
  0x000001faa656b800 JavaThread "Daemon client event forwarder" [_thread_blocked, id=13884, stack(0x000000bb48c00000,0x000000bb48d00000)]
  0x000001faa6c86000 JavaThread "Stdin handler" [_thread_blocked, id=14036, stack(0x000000bb48b00000,0x000000bb48c00000)]
  0x000001faa6c85000 JavaThread "Asynchronous log dispatcher for DefaultDaemonConnection: socket connection from /127.0.0.1:63520 to /127.0.0.1:63521" [_thread_blocked, id=14680, stack(0x000000bb48a00000,0x000000bb48b00000)]
=>0x000001faa6c84000 JavaThread "Daemon worker" [_thread_in_vm, id=3968, stack(0x000000bb48900000,0x000000bb48a00000)]
  0x000001faa64b5000 JavaThread "Cancel handler" [_thread_blocked, id=12436, stack(0x000000bb48800000,0x000000bb48900000)]
  0x000001faa5f00000 JavaThread "Handler for socket connection from /127.0.0.1:63520 to /127.0.0.1:63521" [_thread_in_native, id=13544, stack(0x000000bb48700000,0x000000bb48800000)]
  0x000001faa74fa800 JavaThread "Daemon" [_thread_blocked, id=14420, stack(0x000000bb48600000,0x000000bb48700000)]
  0x000001faa6e90800 JavaThread "Daemon periodic checks" [_thread_blocked, id=2432, stack(0x000000bb48500000,0x000000bb48600000)]
  0x000001faa6b7c000 JavaThread "Incoming local TCP Connector on port 63520" [_thread_in_native, id=10500, stack(0x000000bb48400000,0x000000bb48500000)]
  0x000001faa72d1800 JavaThread "Daemon health stats" [_thread_blocked, id=6540, stack(0x000000bb48300000,0x000000bb48400000)]
  0x000001faa50dd000 JavaThread "Service Thread" daemon [_thread_blocked, id=3224, stack(0x000000bb48100000,0x000000bb48200000)]
  0x000001faa50d6800 JavaThread "C1 CompilerThread2" daemon [_thread_blocked, id=4680, stack(0x000000bb48000000,0x000000bb48100000)]
  0x000001faa50d5800 JavaThread "C2 CompilerThread1" daemon [_thread_in_native, id=11532, stack(0x000000bb47f00000,0x000000bb48000000)]
  0x000001faa506e800 JavaThread "C2 CompilerThread0" daemon [_thread_in_native, id=9332, stack(0x000000bb47e00000,0x000000bb47f00000)]
  0x000001faa506a800 JavaThread "Attach Listener" daemon [_thread_blocked, id=11796, stack(0x000000bb47d00000,0x000000bb47e00000)]
  0x000001faa5069800 JavaThread "Signal Dispatcher" daemon [_thread_blocked, id=4320, stack(0x000000bb47c00000,0x000000bb47d00000)]
  0x000001fa8ead0000 JavaThread "Finalizer" daemon [_thread_blocked, id=12460, stack(0x000000bb47b00000,0x000000bb47c00000)]
  0x000001faa5046000 JavaThread "Reference Handler" daemon [_thread_blocked, id=6324, stack(0x000000bb47a00000,0x000000bb47b00000)]
  0x000001fa8e7e4000 JavaThread "main" [_thread_blocked, id=14872, stack(0x000000bb47300000,0x000000bb47400000)]

Other Threads:
  0x000001faa5023000 VMThread [stack: 0x000000bb47900000,0x000000bb47a00000] [id=14272]
  0x000001faa50df000 WatcherThread [stack: 0x000000bb48200000,0x000000bb48300000] [id=14040]

VM state:not at safepoint (normal execution)

VM Mutex/Monitor currently owned by a thread: None

heap address: 0x0000000080000000, size: 2048 MB, Compressed Oops mode: 32-bit
Narrow klass base: 0x0000000000000000, Narrow klass shift: 3
Compressed class space size: 1073741824 Address: 0x0000000100000000

Heap:
 PSYoungGen      total 34816K, used 15762K [0x00000000d5580000, 0x00000000d9980000, 0x0000000100000000)
  eden space 26624K, 34% used [0x00000000d5580000,0x00000000d5e8f4e8,0x00000000d6f80000)
  from space 8192K, 79% used [0x00000000d7780000,0x00000000d7dd53f0,0x00000000d7f80000)
  to   space 8192K, 0% used [0x00000000d6f80000,0x00000000d6f80000,0x00000000d7780000)
 ParOldGen       total 71168K, used 5741K [0x0000000080000000, 0x0000000084580000, 0x00000000d5580000)
  object space 71168K, 8% used [0x0000000080000000,0x000000008059b6d0,0x0000000084580000)
 Metaspace       used 17260K, capacity 17966K, committed 18304K, reserved 1064960K
  class space    used 2429K, capacity 2591K, committed 2688K, reserved 1048576K

Card table byte_map: [0x000001fa9f650000,0x000001fa9fa60000] byte_map_base: 0x000001fa9f250000

Marking Bits: (ParMarkBitMap*) 0x0000000071426850
 Begin Bits: [0x000001fa9fd10000, 0x000001faa1d10000)
 End Bits:   [0x000001faa1d10000, 0x000001faa3d10000)

Polling page: 0x000001fa8e980000

CodeCache: size=245760Kb used=6218Kb max_used=6288Kb free=239541Kb
 bounds [0x000001fa90290000, 0x000001fa908c0000, 0x000001fa9f290000]
 total_blobs=2185 nmethods=1754 adapters=343
 compilation: enabled

Compilation events (10 events):
Event: 10.686 Thread 0x000001faa50d6800 nmethod 1778 0x000001fa908af0d0 code [0x000001fa908af340, 0x000001fa908b03a0]
Event: 10.752 Thread 0x000001faa506e800 1779       4       java.lang.ref.ReferenceQueue::remove (6 bytes)
Event: 10.765 Thread 0x000001faa506e800 nmethod 1779 0x000001fa908b3e90 code [0x000001fa908b4000, 0x000001fa908b45b0]
Event: 10.765 Thread 0x000001faa506e800 1780   !   4       java.util.zip.ZipFile$ZipFileInflaterInputStream::close (67 bytes)
Event: 10.799 Thread 0x000001faa506e800 nmethod 1780 0x000001fa908b6ed0 code [0x000001fa908b70a0, 0x000001fa908b7fb0]
Event: 10.799 Thread 0x000001faa506e800 1781   !   4       java.net.URLClassLoader$1::run (81 bytes)
Event: 10.897 Thread 0x000001faa50d6800 1782       3       java.lang.String::substring (56 bytes)
Event: 10.897 Thread 0x000001faa50d6800 nmethod 1782 0x000001fa908b67d0 code [0x000001fa908b6960, 0x000001fa908b6d10]
Event: 10.975 Thread 0x000001faa50d6800 1784       3       sun.invoke.util.BytecodeDescriptor::unparse (18 bytes)
Event: 10.976 Thread 0x000001faa50d6800 nmethod 1784 0x000001fa9039e010 code [0x000001fa9039e1a0, 0x000001fa9039e6a0]

GC Heap History (10 events):
Event: 3.250 GC heap before
{Heap before GC invocations=2 (full 0):
 PSYoungGen      total 31232K, used 30593K [0x00000000d5580000, 0x00000000d7800000, 0x0000000100000000)
  eden space 27136K, 100% used [0x00000000d5580000,0x00000000d7000000,0x00000000d7000000)
  from space 4096K, 84% used [0x00000000d7000000,0x00000000d73607d0,0x00000000d7400000)
  to   space 4096K, 0% used [0x00000000d7400000,0x00000000d7400000,0x00000000d7800000)
 ParOldGen       total 71168K, used 27K [0x0000000080000000, 0x0000000084580000, 0x00000000d5580000)
  object space 71168K, 0% used [0x0000000080000000,0x0000000080006c30,0x0000000084580000)
 Metaspace       used 7941K, capacity 8134K, committed 8320K, reserved 1056768K
  class space    used 985K, capacity 1054K, committed 1152K, reserved 1048576K
Event: 3.262 GC heap after
Heap after GC invocations=2 (full 0):
 PSYoungGen      total 31232K, used 4092K [0x00000000d5580000, 0x00000000d7800000, 0x0000000100000000)
  eden space 27136K, 0% used [0x00000000d5580000,0x00000000d5580000,0x00000000d7000000)
  from space 4096K, 99% used [0x00000000d7400000,0x00000000d77ff3e0,0x00000000d7800000)
  to   space 4096K, 0% used [0x00000000d7000000,0x00000000d7000000,0x00000000d7400000)
 ParOldGen       total 71168K, used 371K [0x0000000080000000, 0x0000000084580000, 0x00000000d5580000)
  object space 71168K, 0% used [0x0000000080000000,0x000000008005cd40,0x0000000084580000)
 Metaspace       used 7941K, capacity 8134K, committed 8320K, reserved 1056768K
  class space    used 985K, capacity 1054K, committed 1152K, reserved 1048576K
}
Event: 4.150 GC heap before
{Heap before GC invocations=3 (full 0):
 PSYoungGen      total 31232K, used 31228K [0x00000000d5580000, 0x00000000d7800000, 0x0000000100000000)
  eden space 27136K, 100% used [0x00000000d5580000,0x00000000d7000000,0x00000000d7000000)
  from space 4096K, 99% used [0x00000000d7400000,0x00000000d77ff3e0,0x00000000d7800000)
  to   space 4096K, 0% used [0x00000000d7000000,0x00000000d7000000,0x00000000d7400000)
 ParOldGen       total 71168K, used 371K [0x0000000080000000, 0x0000000084580000, 0x00000000d5580000)
  object space 71168K, 0% used [0x0000000080000000,0x000000008005cd40,0x0000000084580000)
 Metaspace       used 8100K, capacity 8376K, committed 8576K, reserved 1056768K
  class space    used 1001K, capacity 1092K, committed 1152K, reserved 1048576K
Event: 4.155 GC heap after
Heap after GC invocations=3 (full 0):
 PSYoungGen      total 31232K, used 3945K [0x00000000d5580000, 0x00000000d7800000, 0x0000000100000000)
  eden space 27136K, 0% used [0x00000000d5580000,0x00000000d5580000,0x00000000d7000000)
  from space 4096K, 96% used [0x00000000d7000000,0x00000000d73da740,0x00000000d7400000)
  to   space 4096K, 0% used [0x00000000d7400000,0x00000000d7400000,0x00000000d7800000)
 ParOldGen       total 71168K, used 379K [0x0000000080000000, 0x0000000084580000, 0x00000000d5580000)
  object space 71168K, 0% used [0x0000000080000000,0x000000008005ed40,0x0000000084580000)
 Metaspace       used 8100K, capacity 8376K, committed 8576K, reserved 1056768K
  class space    used 1001K, capacity 1092K, committed 1152K, reserved 1048576K
}
Event: 5.481 GC heap before
{Heap before GC invocations=4 (full 0):
 PSYoungGen      total 31232K, used 31081K [0x00000000d5580000, 0x00000000d7800000, 0x0000000100000000)
  eden space 27136K, 100% used [0x00000000d5580000,0x00000000d7000000,0x00000000d7000000)
  from space 4096K, 96% used [0x00000000d7000000,0x00000000d73da740,0x00000000d7400000)
  to   space 4096K, 0% used [0x00000000d7400000,0x00000000d7400000,0x00000000d7800000)
 ParOldGen       total 71168K, used 379K [0x0000000080000000, 0x0000000084580000, 0x00000000d5580000)
  object space 71168K, 0% used [0x0000000080000000,0x000000008005ed40,0x0000000084580000)
 Metaspace       used 10592K, capacity 10922K, committed 11008K, reserved 1058816K
  class space    used 1422K, capacity 1531K, committed 1536K, reserved 1048576K
Event: 5.501 GC heap after
Heap after GC invocations=4 (full 0):
 PSYoungGen      total 31232K, used 4084K [0x00000000d5580000, 0x00000000d7800000, 0x0000000100000000)
  eden space 27136K, 0% used [0x00000000d5580000,0x00000000d5580000,0x00000000d7000000)
  from space 4096K, 99% used [0x00000000d7400000,0x00000000d77fd368,0x00000000d7800000)
  to   space 4096K, 0% used [0x00000000d7000000,0x00000000d7000000,0x00000000d7400000)
 ParOldGen       total 71168K, used 2147K [0x0000000080000000, 0x0000000084580000, 0x00000000d5580000)
  object space 71168K, 3% used [0x0000000080000000,0x0000000080218f80,0x0000000084580000)
 Metaspace       used 10592K, capacity 10922K, committed 11008K, reserved 1058816K
  class space    used 1422K, capacity 1531K, committed 1536K, reserved 1048576K
}
Event: 9.632 GC heap before
{Heap before GC invocations=5 (full 0):
 PSYoungGen      total 31232K, used 31220K [0x00000000d5580000, 0x00000000d7800000, 0x0000000100000000)
  eden space 27136K, 100% used [0x00000000d5580000,0x00000000d7000000,0x00000000d7000000)
  from space 4096K, 99% used [0x00000000d7400000,0x00000000d77fd368,0x00000000d7800000)
  to   space 4096K, 0% used [0x00000000d7000000,0x00000000d7000000,0x00000000d7400000)
 ParOldGen       total 71168K, used 2147K [0x0000000080000000, 0x0000000084580000, 0x00000000d5580000)
  object space 71168K, 3% used [0x0000000080000000,0x0000000080218f80,0x0000000084580000)
 Metaspace       used 15099K, capacity 15608K, committed 15872K, reserved 1062912K
  class space    used 2065K, capacity 2218K, committed 2304K, reserved 1048576K
Event: 9.645 GC heap after
Heap after GC invocations=5 (full 0):
 PSYoungGen      total 30720K, used 4064K [0x00000000d5580000, 0x00000000d7f80000, 0x0000000100000000)
  eden space 26624K, 0% used [0x00000000d5580000,0x00000000d5580000,0x00000000d6f80000)
  from space 4096K, 99% used [0x00000000d7000000,0x00000000d73f8020,0x00000000d7400000)
  to   space 8192K, 0% used [0x00000000d7780000,0x00000000d7780000,0x00000000d7f80000)
 ParOldGen       total 71168K, used 5733K [0x0000000080000000, 0x0000000084580000, 0x00000000d5580000)
  object space 71168K, 8% used [0x0000000080000000,0x00000000805996d0,0x0000000084580000)
 Metaspace       used 15099K, capacity 15608K, committed 15872K, reserved 1062912K
  class space    used 2065K, capacity 2218K, committed 2304K, reserved 1048576K
}
Event: 10.701 GC heap before
{Heap before GC invocations=6 (full 0):
 PSYoungGen      total 30720K, used 30688K [0x00000000d5580000, 0x00000000d7f80000, 0x0000000100000000)
  eden space 26624K, 100% used [0x00000000d5580000,0x00000000d6f80000,0x00000000d6f80000)
  from space 4096K, 99% used [0x00000000d7000000,0x00000000d73f8020,0x00000000d7400000)
  to   space 8192K, 0% used [0x00000000d7780000,0x00000000d7780000,0x00000000d7f80000)
 ParOldGen       total 71168K, used 5733K [0x0000000080000000, 0x0000000084580000, 0x00000000d5580000)
  object space 71168K, 8% used [0x0000000080000000,0x00000000805996d0,0x0000000084580000)
 Metaspace       used 17006K, capacity 17634K, committed 17920K, reserved 1064960K
  class space    used 2372K, capacity 2525K, committed 2560K, reserved 1048576K
Event: 10.751 GC heap after
Heap after GC invocations=6 (full 0):
 PSYoungGen      total 34816K, used 6484K [0x00000000d5580000, 0x00000000d9980000, 0x0000000100000000)
  eden space 26624K, 0% used [0x00000000d5580000,0x00000000d5580000,0x00000000d6f80000)
  from space 8192K, 79% used [0x00000000d7780000,0x00000000d7dd53f0,0x00000000d7f80000)
  to   space 8192K, 0% used [0x00000000d6f80000,0x00000000d6f80000,0x00000000d7780000)
 ParOldGen       total 71168K, used 5741K [0x0000000080000000, 0x0000000084580000, 0x00000000d5580000)
  object space 71168K, 8% used [0x0000000080000000,0x000000008059b6d0,0x0000000084580000)
 Metaspace       used 17006K, capacity 17634K, committed 17920K, reserved 1064960K
  class space    used 2372K, capacity 2525K, committed 2560K, reserved 1048576K
}

Deoptimization events (10 events):
Event: 9.631 Thread 0x000001faa6c84000 Uncommon trap: reason=unstable_if action=reinterpret pc=0x000001fa9082b23c method=jdk.internal.org.objectweb.asm.Type.getArgumentsAndReturnSizes(Ljava/lang/String;)I @ 88
Event: 10.035 Thread 0x000001faa6c84000 Uncommon trap: reason=class_check action=maybe_recompile pc=0x000001fa9066d988 method=java.util.regex.Matcher.match(II)Z @ 86
Event: 10.077 Thread 0x000001faa6c84000 Uncommon trap: reason=class_check action=maybe_recompile pc=0x000001fa9066d988 method=java.util.regex.Matcher.match(II)Z @ 86
Event: 10.222 Thread 0x000001faa6c84000 Uncommon trap: reason=class_check action=maybe_recompile pc=0x000001fa9066d988 method=java.util.regex.Matcher.match(II)Z @ 86
Event: 10.228 Thread 0x000001faa6c84000 Uncommon trap: reason=class_check action=maybe_recompile pc=0x000001fa90463aa8 method=java.util.regex.Matcher.match(II)Z @ 86
Event: 10.297 Thread 0x000001faa6c84000 Uncommon trap: reason=predicate action=maybe_recompile pc=0x000001fa9089dd7c method=java.util.AbstractCollection.toArray([Ljava/lang/Object;)[Ljava/lang/Object; @ 49
Event: 10.499 Thread 0x000001faa6c84000 Uncommon trap: reason=unstable_if action=reinterpret pc=0x000001fa9047f048 method=java.io.WinNTFileSystem.resolve(Ljava/lang/String;Ljava/lang/String;)Ljava/lang/String; @ 19
Event: 10.503 Thread 0x000001faa6c84000 Uncommon trap: reason=unstable_if action=reinterpret pc=0x000001fa90665b24 method=java.io.File.getName()Ljava/lang/String; @ 16
Event: 10.503 Thread 0x000001faa6c84000 Uncommon trap: reason=unstable_if action=reinterpret pc=0x000001fa9065ee5c method=java.lang.String.substring(I)Ljava/lang/String; @ 35
Event: 10.535 Thread 0x000001faa6c84000 Uncommon trap: reason=class_check action=maybe_recompile pc=0x000001fa906f9e2c method=java.lang.Character.toUpperCaseEx(I)I @ 26

Classes redefined (0 events):
No events

Internal exceptions (10 events):
Event: 1.452 Thread 0x000001fa8e7e4000 Exception <a 'java/security/PrivilegedActionException'> (0x00000000d620d260) thrown at [C:\wsjdk\Corretto8Src\installers\windows\zip\corretto-build\buildRoot\hotspot\src\share\vm\prims\jvm.cpp, line 1514]
Event: 1.452 Thread 0x000001fa8e7e4000 Exception <a 'java/security/PrivilegedActionException'> (0x00000000d620d470) thrown at [C:\wsjdk\Corretto8Src\installers\windows\zip\corretto-build\buildRoot\hotspot\src\share\vm\prims\jvm.cpp, line 1514]
Event: 1.836 Thread 0x000001fa8e7e4000 Exception <a 'java/lang/NoClassDefFoundError': org/slf4j/impl/StaticMarkerBinder> (0x00000000d65a0f60) thrown at [C:\wsjdk\Corretto8Src\installers\windows\zip\corretto-build\buildRoot\hotspot\src\share\vm\classfile\systemDictionary.cpp, line 206]
Event: 5.434 Thread 0x000001fa8e7e4000 Exception <a 'java/lang/NoSuchMethodError': java.lang.Object.lambda$get$0(Ljava/util/function/Supplier;Ljava/lang/Object;)Ljava/lang/Object;> (0x00000000d6f88e60) thrown at [C:\wsjdk\Corretto8Src\installers\windows\zip\corretto-build\buildRoot\hotspot\src
Event: 8.968 Thread 0x000001fa8e7e4000 Exception <a 'java/io/IOException'> (0x00000000d58989a0) thrown at [C:\wsjdk\Corretto8Src\installers\windows\zip\corretto-build\buildRoot\hotspot\src\share\vm\prims\jni.cpp, line 709]
Event: 9.101 Thread 0x000001faa5f00000 Exception <a 'java/lang/NoSuchMethodError': <clinit>> (0x00000000d5b80ea8) thrown at [C:\wsjdk\Corretto8Src\installers\windows\zip\corretto-build\buildRoot\hotspot\src\share\vm\prims\jni.cpp, line 1614]
Event: 9.106 Thread 0x000001faa5f00000 Exception <a 'java/lang/NoSuchMethodError': <clinit>> (0x00000000d5b99070) thrown at [C:\wsjdk\Corretto8Src\installers\windows\zip\corretto-build\buildRoot\hotspot\src\share\vm\prims\jni.cpp, line 1614]
Event: 9.108 Thread 0x000001faa5f00000 Exception <a 'java/lang/NoSuchMethodError': <clinit>> (0x00000000d5ba1c18) thrown at [C:\wsjdk\Corretto8Src\installers\windows\zip\corretto-build\buildRoot\hotspot\src\share\vm\prims\jni.cpp, line 1614]
Event: 9.113 Thread 0x000001faa5f00000 Exception <a 'java/lang/NoSuchMethodError': <clinit>> (0x00000000d5bb7e78) thrown at [C:\wsjdk\Corretto8Src\installers\windows\zip\corretto-build\buildRoot\hotspot\src\share\vm\prims\jni.cpp, line 1614]
Event: 9.431 Thread 0x000001faa6c84000 Exception <a 'java/lang/NoSuchMethodError': java.lang.Object.lambda$static$0(Lorg/gradle/internal/state/ModelObject;)Ljava/lang/String;> (0x00000000d65a4558) thrown at [C:\wsjdk\Corretto8Src\installers\windows\zip\corretto-build\buildRoot\hotspot\src\shar

Events (10 events):
Event: 10.976 loading class org/gradle/internal/resources/AbstractResourceLockRegistry$ThreadLockDetails
Event: 10.976 loading class org/gradle/internal/resources/AbstractResourceLockRegistry$ThreadLockDetails done
Event: 10.977 loading class org/gradle/internal/work/DefaultWorkerLeaseService$DefaultWorkerLease
Event: 10.977 loading class org/gradle/internal/work/DefaultWorkerLeaseService$DefaultWorkerLease done
Event: 10.977 loading class org/gradle/internal/resources/DefaultLease
Event: 10.977 loading class org/gradle/internal/resources/DefaultLease done
Event: 10.978 loading class org/gradle/internal/resources/AbstractTrackedResourceLock
Event: 10.978 loading class org/gradle/internal/resources/AbstractTrackedResourceLock done
Event: 10.978 loading class org/gradle/internal/work/DefaultWorkerLeaseService$3
Event: 10.978 loading class org/gradle/internal/work/DefaultWorkerLeaseService$3 done


Dynamic libraries:
0x00007ff78f1b0000 - 0x00007ff78f1ea000 	C:\Users\Сергей\.jdks\corretto-1.8.0_372\bin\java.exe
0x00007ffb26530000 - 0x00007ffb26728000 	C:\WINDOWS\SYSTEM32\ntdll.dll
0x00007ffb26430000 - 0x00007ffb264ef000 	C:\WINDOWS\System32\KERNEL32.DLL
0x00007ffb24290000 - 0x00007ffb24586000 	C:\WINDOWS\System32\KERNELBASE.dll
0x00007ffb25d90000 - 0x00007ffb25e3f000 	C:\WINDOWS\System32\ADVAPI32.dll
0x00007ffb26140000 - 0x00007ffb261de000 	C:\WINDOWS\System32\msvcrt.dll
0x00007ffb258e0000 - 0x00007ffb2597c000 	C:\WINDOWS\System32\sechost.dll
0x00007ffb25310000 - 0x00007ffb25436000 	C:\WINDOWS\System32\RPCRT4.dll
0x00007ffb25be0000 - 0x00007ffb25d7d000 	C:\WINDOWS\System32\USER32.dll
0x00007ffb24260000 - 0x00007ffb24282000 	C:\WINDOWS\System32\win32u.dll
0x00007ffb26250000 - 0x00007ffb2627c000 	C:\WINDOWS\System32\GDI32.dll
0x00007ffb23ee0000 - 0x00007ffb23ff5000 	C:\WINDOWS\System32\gdi32full.dll
0x00007ffb23ca0000 - 0x00007ffb23d3d000 	C:\WINDOWS\System32\msvcp_win.dll
0x00007ffb24160000 - 0x00007ffb24260000 	C:\WINDOWS\System32\ucrtbase.dll
0x00007ffb12520000 - 0x00007ffb127ba000 	C:\WINDOWS\WinSxS\amd64_microsoft.windows.common-controls_6595b64144ccf1df_6.0.19041.1110_none_60b5254171f9507e\COMCTL32.dll
0x00007ffb26360000 - 0x00007ffb26390000 	C:\WINDOWS\System32\IMM32.DLL
0x00007ffafc040000 - 0x00007ffafc12f000 	C:\Users\Сергей\.jdks\corretto-1.8.0_372\jre\bin\msvcr120.dll
0x00007ffaf8450000 - 0x00007ffaf84f6000 	C:\Users\Сергей\.jdks\corretto-1.8.0_372\jre\bin\msvcp120.dll
0x0000000070c30000 - 0x00000000714a5000 	C:\Users\Сергей\.jdks\corretto-1.8.0_372\jre\bin\server\jvm.dll
0x00007ffb25570000 - 0x00007ffb25578000 	C:\WINDOWS\System32\PSAPI.DLL
0x00007ffb0e9b0000 - 0x00007ffb0e9b9000 	C:\WINDOWS\SYSTEM32\WSOCK32.dll
0x00007ffb261e0000 - 0x00007ffb2624b000 	C:\WINDOWS\System32\WS2_32.dll
0x00007ffb05020000 - 0x00007ffb05047000 	C:\WINDOWS\SYSTEM32\WINMM.dll
0x00007ffb1b500000 - 0x00007ffb1b50a000 	C:\WINDOWS\SYSTEM32\VERSION.dll
0x00007ffb1e9a0000 - 0x00007ffb1e9af000 	C:\Users\Сергей\.jdks\corretto-1.8.0_372\jre\bin\verify.dll
0x00007ffb11de0000 - 0x00007ffb11e09000 	C:\Users\Сергей\.jdks\corretto-1.8.0_372\jre\bin\java.dll
0x00007ffb11f50000 - 0x00007ffb11f66000 	C:\Users\Сергей\.jdks\corretto-1.8.0_372\jre\bin\zip.dll
0x00007ffb24590000 - 0x00007ffb24cd4000 	C:\WINDOWS\System32\SHELL32.dll
0x00007ffb218c0000 - 0x00007ffb22053000 	C:\WINDOWS\SYSTEM32\windows.storage.dll
0x00007ffb25580000 - 0x00007ffb258d4000 	C:\WINDOWS\System32\combase.dll
0x00007ffb23670000 - 0x00007ffb2369e000 	C:\WINDOWS\SYSTEM32\Wldp.dll
0x00007ffb24d40000 - 0x00007ffb24ded000 	C:\WINDOWS\System32\SHCORE.dll
0x00007ffb25b80000 - 0x00007ffb25bd5000 	C:\WINDOWS\System32\shlwapi.dll
0x00007ffb23b50000 - 0x00007ffb23b6f000 	C:\WINDOWS\SYSTEM32\profapi.dll
0x00007ffb11c40000 - 0x00007ffb11c5a000 	C:\Users\Сергей\.jdks\corretto-1.8.0_372\jre\bin\net.dll
0x00007ffb233d0000 - 0x00007ffb2343a000 	C:\WINDOWS\system32\mswsock.dll
0x00007ffb11c20000 - 0x00007ffb11c32000 	C:\Users\Сергей\.jdks\corretto-1.8.0_372\jre\bin\nio.dll
0x00007ffb0ad10000 - 0x00007ffb0ad37000 	C:\Users\Сергей\.gradle\native\68d5fa5c4cc2d200863cafc0d521ce42e7d3e7ee720ec0a83991735586a16f82\windows-amd64\native-platform.dll
0x00007ffae5480000 - 0x00007ffae55c4000 	C:\Users\Сергей\.gradle\native\e376f236ea51e6404a007f0833ffe2c6e607c4080706a723a18a27aeea778392\windows-amd64\native-platform-file-events.dll
0x00007ffb1d950000 - 0x00007ffb1d95d000 	C:\Users\Сергей\.jdks\corretto-1.8.0_372\jre\bin\management.dll
0x00007ffb235c0000 - 0x00007ffb235d8000 	C:\WINDOWS\SYSTEM32\CRYPTSP.dll
0x00007ffb22c80000 - 0x00007ffb22cb4000 	C:\WINDOWS\system32\rsaenh.dll
0x00007ffb23eb0000 - 0x00007ffb23ed7000 	C:\WINDOWS\System32\bcrypt.dll
0x00007ffb23b10000 - 0x00007ffb23b3e000 	C:\WINDOWS\SYSTEM32\USERENV.dll
0x00007ffb23c10000 - 0x00007ffb23c92000 	C:\WINDOWS\System32\bcryptprimitives.dll
0x00007ffb235e0000 - 0x00007ffb235ec000 	C:\WINDOWS\SYSTEM32\CRYPTBASE.dll
0x00007ffb23070000 - 0x00007ffb230ac000 	C:\WINDOWS\SYSTEM32\IPHLPAPI.DLL
0x00007ffb26420000 - 0x00007ffb26428000 	C:\WINDOWS\System32\NSI.dll
0x00007ffb1a700000 - 0x00007ffb1a717000 	C:\WINDOWS\SYSTEM32\dhcpcsvc6.DLL
0x00007ffb1a450000 - 0x00007ffb1a46d000 	C:\WINDOWS\SYSTEM32\dhcpcsvc.DLL
0x00007ffb230c0000 - 0x00007ffb2318b000 	C:\WINDOWS\SYSTEM32\DNSAPI.dll

VM Arguments:
jvm_args: -Xmx2048m -Dfile.encoding=windows-1251 -Duser.country=RU -Duser.language=ru -Duser.variant 
java_command: org.gradle.launcher.daemon.bootstrap.GradleDaemon 8.0
java_class_path (initial): C:\Users\Сергей\.gradle\wrapper\dists\gradle-8.0-bin\ca5e32bp14vu59qr306oxotwh\gradle-8.0\lib\gradle-launcher-8.0.jar
Launcher Type: SUN_STANDARD

Environment Variables:
PATH=C:\WINDOWS\system32;C:\WINDOWS;C:\WINDOWS\System32\Wbem;C:\WINDOWS\System32\WindowsPowerShell\v1.0\;C:\WINDOWS\System32\OpenSSH\;C:\Program Files\Git\cmd;C:\Program Files\PuTTY\;C:\Program Files (x86)\Bitvise SSH Client;C:\Users\Сергей\AppData\Local\Programs\Python\Python39\Scripts\;C:\Users\Сергей\AppData\Local\Programs\Python\Python39\;C:\Users\Сергей\AppData\Local\Microsoft\WindowsApps;C:\Users\Сергей\AppData\Local\GitHubDesktop\bin;C:\Program Files\JetBrains\PyCharm Community Edition 2021.1.1\bin;;C:\Users\Сергей\AppData\Local\atom\bin;C:\Users\Сергей\AppData\Local\Programs\Microsoft VS Code\bin;C:\Users\Сергей\AppData\Local\Microsoft\WindowsApps;;C:\Program Files\JetBrains\PhpStorm 2021.2.3\bin;
USERNAME=Сергей
OS=Windows_NT
PROCESSOR_IDENTIFIER=Intel64 Family 6 Model 61 Stepping 4, GenuineIntel



---------------  S Y S T E M  ---------------

OS: Windows 10 , 64 bit Build 19041 (10.0.19041.2913)

CPU:total 4 (initial active 4) (2 cores per cpu, 2 threads per core) family 6 model 61 stepping 4, cmov, cx8, fxsr, mmx, sse, sse2, sse3, ssse3, sse4.1, sse4.2, popcnt, avx, avx2, aes, clmul, erms, 3dnowpref, lzcnt, ht, tsc, tscinvbit, bmi1, bmi2, adx

Memory: 4k page, physical 6750892k(625792k free), swap 10846892k(3868k free)

vm_info: OpenJDK 64-Bit Server VM (25.372-b07) for windows-amd64 JRE (1.8.0_372-b07), built on Apr 17 2023 22:43:30 by "Administrator" with MS VC++ 12.0 (VS2013)

time: Sun Apr 30 22:35:45 2023
timezone: RTZ 8 (зима)
elapsed time: 10.990503 seconds (0d 0h 0m 10s)

