#
# There is insufficient memory for the Java Runtime Environment to continue.
# Native memory allocation (malloc) failed to allocate 228656 bytes for Chunk::new
# Possible reasons:
#   The system is out of physical RAM or swap space
#   The process is running with CompressedOops enabled, and the Java Heap may be blocking the growth of the native heap
# Possible solutions:
#   Reduce memory load on the system
#   Increase physical memory or swap space
#   Check if swap backing store is full
#   Decrease Java heap size (-Xmx/-Xms)
#   Decrease number of Java threads
#   Decrease Java thread stack sizes (-Xss)
#   Set larger code cache with -XX:ReservedCodeCacheSize=
#   JVM is running with Unscaled Compressed Oops mode in which the Java heap is
#     placed in the first 4GB address space. The Java Heap base address is the
#     maximum limit for the native heap growth. Please use -XX:HeapBaseMinAddress
#     to set the Java Heap base and to place the Java Heap above 4GB virtual address.
# This output file may be truncated or incomplete.
#
#  Out of Memory Error (allocation.cpp:389), pid=3108, tid=0x0000000000003700
#
# JRE version: OpenJDK Runtime Environment (8.0_372-b07) (build 1.8.0_372-b07)
# Java VM: OpenJDK 64-Bit Server VM (25.372-b07 mixed mode windows-amd64 compressed oops)
# Failed to write core dump. Minidumps are not enabled by default on client versions of Windows
#

---------------  T H R E A D  ---------------

Current thread (0x00000191ae197800):  JavaThread "C2 CompilerThread0" daemon [_thread_in_native, id=14080, stack(0x0000007855d00000,0x0000007855e00000)]

Stack: [0x0000007855d00000,0x0000007855e00000]
[error occurred during error reporting (printing stack bounds), id 0xc0000005]

Native frames: (J=compiled Java code, j=interpreted, Vv=VM code, C=native code)


Current CompileTask:
C2:  68984 7901       4       java.util.ComparableTimSort::mergeLo (656 bytes)


---------------  P R O C E S S  ---------------

Java Threads: ( => current thread )
  0x00000191b57ba000 JavaThread "Build operations Thread 4" [_thread_blocked, id=10424, stack(0x0000007857b00000,0x0000007857c00000)]
  0x00000191b57be000 JavaThread "Build operations Thread 3" [_thread_blocked, id=6636, stack(0x0000007857a00000,0x0000007857b00000)]
  0x00000191b57bb800 JavaThread "Build operations Thread 2" [_thread_blocked, id=3812, stack(0x0000007857900000,0x0000007857a00000)]
  0x00000191b57bd000 JavaThread "Build operations" [_thread_blocked, id=13640, stack(0x0000007857800000,0x0000007857900000)]
  0x00000191b57b8800 JavaThread "Cache worker for Build Output Cleanup Cache (D:\Android\AndroitProjects\Android-Animation-Day-and-Night-Mode\.gradle\buildOutputCleanup)" [_thread_blocked, id=920, stack(0x0000007855100000,0x0000007855200000)]
  0x00000191b124c000 JavaThread "Cache worker for execution history cache (C:\Users\РЎРµСЂРіРµР№\.gradle\caches\6.1.1\executionHistory)" [_thread_blocked, id=12972, stack(0x0000007857300000,0x0000007857400000)]
  0x00000191b124d800 JavaThread "Cache worker for cache directory md-rule (C:\Users\РЎРµСЂРіРµР№\.gradle\caches\6.1.1\md-rule)" [_thread_blocked, id=9684, stack(0x0000007857200000,0x0000007857300000)]
  0x00000191b1249800 JavaThread "Cache worker for cache directory md-supplier (C:\Users\РЎРµСЂРіРµР№\.gradle\caches\6.1.1\md-supplier)" [_thread_blocked, id=12140, stack(0x0000007857100000,0x0000007857200000)]
  0x00000191b1248000 JavaThread "Cache worker for file hash cache (D:\Android\AndroitProjects\Android-Animation-Day-and-Night-Mode\.gradle\6.1.1\fileHashes)" [_thread_blocked, id=6740, stack(0x0000007857000000,0x0000007857100000)]
  0x00000191b124b000 JavaThread "Cache worker for checksums cache (D:\Android\AndroitProjects\Android-Animation-Day-and-Night-Mode\.gradle\checksums)" [_thread_blocked, id=12404, stack(0x0000007856f00000,0x0000007857000000)]
  0x00000191b124a000 JavaThread "Cache worker for file hash cache (C:\Users\РЎРµСЂРіРµР№\.gradle\caches\6.1.1\fileHashes)" [_thread_blocked, id=15312, stack(0x0000007856e00000,0x0000007856f00000)]
  0x00000191b1248800 JavaThread "File lock request listener" [_thread_in_native, id=12336, stack(0x0000007856d00000,0x0000007856e00000)]
  0x00000191b124c800 JavaThread "Cache worker for journal cache (C:\Users\РЎРµСЂРіРµР№\.gradle\caches\journal-1)" [_thread_blocked, id=2676, stack(0x0000007856c00000,0x0000007856d00000)]
  0x00000191b0850000 JavaThread "Thread-9" [_thread_blocked, id=3816, stack(0x0000007856b00000,0x0000007856c00000)]
  0x00000191b0834800 JavaThread "Asynchronous log dispatcher for DefaultDaemonConnection: socket connection from /127.0.0.1:63032 to /127.0.0.1:63033" [_thread_blocked, id=12616, stack(0x0000007856900000,0x0000007856a00000)]
  0x00000191b0833000 JavaThread "Daemon worker" [_thread_in_Java, id=5860, stack(0x0000007856800000,0x0000007856900000)]
  0x00000191b082e000 JavaThread "Cancel handler" [_thread_blocked, id=952, stack(0x0000007856700000,0x0000007856800000)]
  0x00000191b06e8800 JavaThread "Handler for socket connection from /127.0.0.1:63032 to /127.0.0.1:63033" [_thread_in_native, id=6760, stack(0x0000007856600000,0x0000007856700000)]
  0x00000191b07f2800 JavaThread "Daemon" [_thread_blocked, id=1292, stack(0x0000007856500000,0x0000007856600000)]
  0x00000191b075b800 JavaThread "Daemon periodic checks" [_thread_blocked, id=11964, stack(0x0000007856400000,0x0000007856500000)]
  0x00000191b0758800 JavaThread "Incoming local TCP Connector on port 63032" [_thread_in_native, id=13696, stack(0x0000007856300000,0x0000007856400000)]
  0x00000191b03f0000 JavaThread "Daemon health stats" [_thread_blocked, id=6968, stack(0x0000007856200000,0x0000007856300000)]
  0x00000191ae20c800 JavaThread "Service Thread" daemon [_thread_blocked, id=6156, stack(0x0000007856000000,0x0000007856100000)]
  0x00000191ae19b800 JavaThread "C1 CompilerThread2" daemon [_thread_blocked, id=3228, stack(0x0000007855f00000,0x0000007856000000)]
  0x00000191ae199800 JavaThread "C2 CompilerThread1" daemon [_thread_blocked, id=12760, stack(0x0000007855e00000,0x0000007855f00000)]
=>0x00000191ae197800 JavaThread "C2 CompilerThread0" daemon [_thread_in_native, id=14080, stack(0x0000007855d00000,0x0000007855e00000)]
  0x00000191ae18e800 JavaThread "Attach Listener" daemon [_thread_blocked, id=11676, stack(0x0000007855c00000,0x0000007855d00000)]
  0x00000191ae18a000 JavaThread "Signal Dispatcher" daemon [_thread_blocked, id=5876, stack(0x0000007855b00000,0x0000007855c00000)]
  0x00000191ada29000 JavaThread "Finalizer" daemon [_thread_blocked, id=13780, stack(0x0000007855a00000,0x0000007855b00000)]
  0x00000191ae166800 JavaThread "Reference Handler" daemon [_thread_blocked, id=12016, stack(0x0000007855900000,0x0000007855a00000)]
  0x0000019197904000 JavaThread "main" [_thread_blocked, id=12000, stack(0x0000007855300000,0x0000007855400000)]

Other Threads:
  0x00000191ae142800 VMThread [stack: 0x0000007855800000,0x0000007855900000] [id=10748]
  0x00000191ae20e800 WatcherThread [stack: 0x0000007856100000,0x0000007856200000] [id=6432]

VM state:not at safepoint (normal execution)

VM Mutex/Monitor currently owned by a thread: None

heap address: 0x0000000080000000, size: 2048 MB, Compressed Oops mode: 32-bit
Narrow klass base: 0x0000000000000000, Narrow klass shift: 3
Compressed class space size: 1073741824 Address: 0x0000000100000000

Heap:
 PSYoungGen      total 382976K, used 210300K [0x00000000d5580000, 0x00000000f1100000, 0x0000000100000000)
  eden space 366080K, 52% used [0x00000000d5580000,0x00000000e1266d68,0x00000000ebb00000)
  from space 16896K, 99% used [0x00000000ebb00000,0x00000000ecb782d0,0x00000000ecb80000)
  to   space 19968K, 0% used [0x00000000efd80000,0x00000000efd80000,0x00000000f1100000)
 ParOldGen       total 78848K, used 20631K [0x0000000080000000, 0x0000000084d00000, 0x00000000d5580000)
  object space 78848K, 26% used [0x0000000080000000,0x0000000081425e78,0x0000000084d00000)
 Metaspace       used 50628K, capacity 52260K, committed 52352K, reserved 1095680K
  class space    used 6629K, capacity 7011K, committed 7040K, reserved 1048576K

Card table byte_map: [0x00000191a8640000,0x00000191a8a50000] byte_map_base: 0x00000191a8240000

Marking Bits: (ParMarkBitMap*) 0x0000000071426850
 Begin Bits: [0x00000191a8d00000, 0x00000191aad00000)
 End Bits:   [0x00000191aad00000, 0x00000191acd00000)

Polling page: 0x0000019197c30000

CodeCache: size=245760Kb used=24557Kb max_used=24780Kb free=221202Kb
 bounds [0x0000019199280000, 0x000001919aae0000, 0x00000191a8280000]
 total_blobs=7661 nmethods=6855 adapters=717
 compilation: enabled

Compilation events (10 events):
Event: 66.646 Thread 0x00000191ae19b800 nmethod 7896 0x0000019199517f90 code [0x0000019199518140, 0x0000019199518620]
Event: 66.680 Thread 0x00000191ae19b800 7897       1       org.gradle.cache.internal.btree.BTreePersistentIndexedCache$DataBlock::getSize (8 bytes)
Event: 66.681 Thread 0x00000191ae19b800 nmethod 7897 0x000001919945b790 code [0x000001919945b8e0, 0x000001919945b9f8]
Event: 66.831 Thread 0x00000191ae197800 7898       4       java.util.zip.InflaterInputStream::fill (60 bytes)
Event: 66.841 Thread 0x00000191ae197800 nmethod 7898 0x0000019199a6f490 code [0x0000019199a6f600, 0x0000019199a6fba8]
Event: 68.865 Thread 0x00000191ae199800 7899   !   4       java.util.concurrent.locks.AbstractQueuedSynchronizer::acquireQueued (93 bytes)
Event: 68.875 Thread 0x00000191ae199800 nmethod 7899 0x000001919992bcd0 code [0x000001919992be40, 0x000001919992c1c8]
Event: 68.973 Thread 0x00000191ae19b800 7900   !   3       org.gradle.internal.IoActions::closeQuietly (15 bytes)
Event: 68.974 Thread 0x00000191ae19b800 nmethod 7900 0x00000191994cde90 code [0x00000191994ce000, 0x00000191994ce270]
Event: 68.975 Thread 0x00000191ae197800 7901       4       java.util.ComparableTimSort::mergeLo (656 bytes)

GC Heap History (10 events):
Event: 20.575 GC heap before
{Heap before GC invocations=15 (full 2):
 PSYoungGen      total 263680K, used 255254K [0x00000000d5580000, 0x00000000e6380000, 0x0000000100000000)
  eden space 250880K, 100% used [0x00000000d5580000,0x00000000e4a80000,0x00000000e4a80000)
  from space 12800K, 34% used [0x00000000e5700000,0x00000000e5b45ba8,0x00000000e6380000)
  to   space 12800K, 0% used [0x00000000e4a80000,0x00000000e4a80000,0x00000000e5700000)
 ParOldGen       total 78848K, used 14377K [0x0000000080000000, 0x0000000084d00000, 0x00000000d5580000)
  object space 78848K, 18% used [0x0000000080000000,0x0000000080e0a668,0x0000000084d00000)
 Metaspace       used 35520K, capacity 36470K, committed 36608K, reserved 1081344K
  class space    used 4798K, capacity 5066K, committed 5120K, reserved 1048576K
Event: 20.582 GC heap after
Heap after GC invocations=15 (full 2):
 PSYoungGen      total 263680K, used 3990K [0x00000000d5580000, 0x00000000e9080000, 0x0000000100000000)
  eden space 250880K, 0% used [0x00000000d5580000,0x00000000d5580000,0x00000000e4a80000)
  from space 12800K, 31% used [0x00000000e4a80000,0x00000000e4e65ba8,0x00000000e5700000)
  to   space 12288K, 0% used [0x00000000e8480000,0x00000000e8480000,0x00000000e9080000)
 ParOldGen       total 78848K, used 14377K [0x0000000080000000, 0x0000000084d00000, 0x00000000d5580000)
  object space 78848K, 18% used [0x0000000080000000,0x0000000080e0a668,0x0000000084d00000)
 Metaspace       used 35520K, capacity 36470K, committed 36608K, reserved 1081344K
  class space    used 4798K, capacity 5066K, committed 5120K, reserved 1048576K
}
Event: 22.127 GC heap before
{Heap before GC invocations=16 (full 2):
 PSYoungGen      total 263680K, used 254870K [0x00000000d5580000, 0x00000000e9080000, 0x0000000100000000)
  eden space 250880K, 100% used [0x00000000d5580000,0x00000000e4a80000,0x00000000e4a80000)
  from space 12800K, 31% used [0x00000000e4a80000,0x00000000e4e65ba8,0x00000000e5700000)
  to   space 12288K, 0% used [0x00000000e8480000,0x00000000e8480000,0x00000000e9080000)
 ParOldGen       total 78848K, used 14377K [0x0000000080000000, 0x0000000084d00000, 0x00000000d5580000)
  object space 78848K, 18% used [0x0000000080000000,0x0000000080e0a668,0x0000000084d00000)
 Metaspace       used 35520K, capacity 36470K, committed 36608K, reserved 1081344K
  class space    used 4798K, capacity 5066K, committed 5120K, reserved 1048576K
Event: 22.148 GC heap after
Heap after GC invocations=16 (full 2):
 PSYoungGen      total 309248K, used 10585K [0x00000000d5580000, 0x00000000e9680000, 0x0000000100000000)
  eden space 296960K, 0% used [0x00000000d5580000,0x00000000d5580000,0x00000000e7780000)
  from space 12288K, 86% used [0x00000000e8480000,0x00000000e8ed6520,0x00000000e9080000)
  to   space 13312K, 0% used [0x00000000e7780000,0x00000000e7780000,0x00000000e8480000)
 ParOldGen       total 78848K, used 14377K [0x0000000080000000, 0x0000000084d00000, 0x00000000d5580000)
  object space 78848K, 18% used [0x0000000080000000,0x0000000080e0a668,0x0000000084d00000)
 Metaspace       used 35520K, capacity 36470K, committed 36608K, reserved 1081344K
  class space    used 4798K, capacity 5066K, committed 5120K, reserved 1048576K
}
Event: 23.910 GC heap before
{Heap before GC invocations=17 (full 2):
 PSYoungGen      total 309248K, used 307545K [0x00000000d5580000, 0x00000000e9680000, 0x0000000100000000)
  eden space 296960K, 100% used [0x00000000d5580000,0x00000000e7780000,0x00000000e7780000)
  from space 12288K, 86% used [0x00000000e8480000,0x00000000e8ed6520,0x00000000e9080000)
  to   space 13312K, 0% used [0x00000000e7780000,0x00000000e7780000,0x00000000e8480000)
 ParOldGen       total 78848K, used 14377K [0x0000000080000000, 0x0000000084d00000, 0x00000000d5580000)
  object space 78848K, 18% used [0x0000000080000000,0x0000000080e0a668,0x0000000084d00000)
 Metaspace       used 35521K, capacity 36470K, committed 36608K, reserved 1081344K
  class space    used 4798K, capacity 5066K, committed 5120K, reserved 1048576K
Event: 23.946 GC heap after
Heap after GC invocations=17 (full 2):
 PSYoungGen      total 310272K, used 13280K [0x00000000d5580000, 0x00000000edd80000, 0x0000000100000000)
  eden space 296960K, 0% used [0x00000000d5580000,0x00000000d5580000,0x00000000e7780000)
  from space 13312K, 99% used [0x00000000e7780000,0x00000000e8478368,0x00000000e8480000)
  to   space 17408K, 0% used [0x00000000ecc80000,0x00000000ecc80000,0x00000000edd80000)
 ParOldGen       total 78848K, used 20065K [0x0000000080000000, 0x0000000084d00000, 0x00000000d5580000)
  object space 78848K, 25% used [0x0000000080000000,0x0000000081398668,0x0000000084d00000)
 Metaspace       used 35521K, capacity 36470K, committed 36608K, reserved 1081344K
  class space    used 4798K, capacity 5066K, committed 5120K, reserved 1048576K
}
Event: 30.938 GC heap before
{Heap before GC invocations=18 (full 2):
 PSYoungGen      total 310272K, used 310240K [0x00000000d5580000, 0x00000000edd80000, 0x0000000100000000)
  eden space 296960K, 100% used [0x00000000d5580000,0x00000000e7780000,0x00000000e7780000)
  from space 13312K, 99% used [0x00000000e7780000,0x00000000e8478368,0x00000000e8480000)
  to   space 17408K, 0% used [0x00000000ecc80000,0x00000000ecc80000,0x00000000edd80000)
 ParOldGen       total 78848K, used 20065K [0x0000000080000000, 0x0000000084d00000, 0x00000000d5580000)
  object space 78848K, 25% used [0x0000000080000000,0x0000000081398668,0x0000000084d00000)
 Metaspace       used 37698K, capacity 38820K, committed 38912K, reserved 1083392K
  class space    used 5056K, capacity 5351K, committed 5376K, reserved 1048576K
Event: 31.021 GC heap after
Heap after GC invocations=18 (full 2):
 PSYoungGen      total 381952K, used 4749K [0x00000000d5580000, 0x00000000edc00000, 0x0000000100000000)
  eden space 366080K, 0% used [0x00000000d5580000,0x00000000d5580000,0x00000000ebb00000)
  from space 15872K, 29% used [0x00000000ecc80000,0x00000000ed1234a8,0x00000000edc00000)
  to   space 16896K, 0% used [0x00000000ebb00000,0x00000000ebb00000,0x00000000ecb80000)
 ParOldGen       total 78848K, used 20073K [0x0000000080000000, 0x0000000084d00000, 0x00000000d5580000)
  object space 78848K, 25% used [0x0000000080000000,0x000000008139a668,0x0000000084d00000)
 Metaspace       used 37698K, capacity 38820K, committed 38912K, reserved 1083392K
  class space    used 5056K, capacity 5351K, committed 5376K, reserved 1048576K
}
Event: 66.358 GC heap before
{Heap before GC invocations=19 (full 2):
 PSYoungGen      total 381952K, used 370829K [0x00000000d5580000, 0x00000000edc00000, 0x0000000100000000)
  eden space 366080K, 100% used [0x00000000d5580000,0x00000000ebb00000,0x00000000ebb00000)
  from space 15872K, 29% used [0x00000000ecc80000,0x00000000ed1234a8,0x00000000edc00000)
  to   space 16896K, 0% used [0x00000000ebb00000,0x00000000ebb00000,0x00000000ecb80000)
 ParOldGen       total 78848K, used 20073K [0x0000000080000000, 0x0000000084d00000, 0x00000000d5580000)
  object space 78848K, 25% used [0x0000000080000000,0x000000008139a668,0x0000000084d00000)
 Metaspace       used 50624K, capacity 52260K, committed 52352K, reserved 1095680K
  class space    used 6629K, capacity 7011K, committed 7040K, reserved 1048576K
Event: 66.387 GC heap after
Heap after GC invocations=19 (full 2):
 PSYoungGen      total 382976K, used 16864K [0x00000000d5580000, 0x00000000f1100000, 0x0000000100000000)
  eden space 366080K, 0% used [0x00000000d5580000,0x00000000d5580000,0x00000000ebb00000)
  from space 16896K, 99% used [0x00000000ebb00000,0x00000000ecb782d0,0x00000000ecb80000)
  to   space 19968K, 0% used [0x00000000efd80000,0x00000000efd80000,0x00000000f1100000)
 ParOldGen       total 78848K, used 20631K [0x0000000080000000, 0x0000000084d00000, 0x00000000d5580000)
  object space 78848K, 26% used [0x0000000080000000,0x0000000081425e78,0x0000000084d00000)
 Metaspace       used 50624K, capacity 52260K, committed 52352K, reserved 1095680K
  class space    used 6629K, capacity 7011K, committed 7040K, reserved 1048576K
}

Deoptimization events (10 events):
Event: 66.324 Thread 0x00000191b0833000 Uncommon trap: reason=array_check action=maybe_recompile pc=0x000001919aac011c method=java.util.ComparableTimSort.mergeHi(IIII)V @ 415
Event: 66.324 Thread 0x00000191b0833000 Uncommon trap: reason=array_check action=maybe_recompile pc=0x000001919aaa3404 method=java.util.ComparableTimSort.mergeLo(IIII)V @ 207
Event: 66.324 Thread 0x00000191b0833000 Uncommon trap: reason=array_check action=maybe_recompile pc=0x000001919aaa3404 method=java.util.ComparableTimSort.mergeLo(IIII)V @ 207
Event: 66.325 Thread 0x00000191b0833000 Uncommon trap: reason=unstable_if action=reinterpret pc=0x000001919aac2358 method=org.gradle.internal.fingerprint.impl.DefaultFileSystemLocationFingerprint.compareTo(Lorg/gradle/internal/fingerprint/FileSystemLocationFingerprint;)I @ 15
Event: 66.326 Thread 0x00000191b0833000 Uncommon trap: reason=unstable_if action=reinterpret pc=0x000001919aaba5b4 method=org.gradle.internal.fingerprint.impl.DefaultFileSystemLocationFingerprint.compareTo(Lorg/gradle/internal/fingerprint/FileSystemLocationFingerprint;)I @ 15
Event: 66.326 Thread 0x00000191b0833000 Uncommon trap: reason=unstable_if action=reinterpret pc=0x000001919953c66c method=org.gradle.internal.fingerprint.impl.DefaultFileSystemLocationFingerprint.compareTo(Lorg/gradle/internal/fingerprint/FileSystemLocationFingerprint;)I @ 15
Event: 66.645 Thread 0x00000191b0833000 Uncommon trap: reason=unstable_if action=reinterpret pc=0x000001919953b310 method=java.io.PushbackInputStream.read([BII)I @ 122
Event: 68.975 Thread 0x00000191b0833000 Uncommon trap: reason=array_check action=maybe_recompile pc=0x0000019199c6490c method=java.util.ComparableTimSort.mergeLo(IIII)V @ 371
Event: 68.976 Thread 0x00000191b0833000 Uncommon trap: reason=array_check action=maybe_recompile pc=0x0000019199c647e0 method=java.util.ComparableTimSort.mergeLo(IIII)V @ 240
Event: 68.977 Thread 0x00000191b0833000 Uncommon trap: reason=array_check action=maybe_recompile pc=0x0000019199c647e0 method=java.util.ComparableTimSort.mergeLo(IIII)V @ 240

Classes redefined (0 events):
No events

Internal exceptions (10 events):
Event: 49.287 Thread 0x00000191b57ba000 Exception <a 'java/net/SocketTimeoutException': Read timed out> (0x00000000e23165d8) thrown at [C:\wsjdk\Corretto8Src\installers\windows\zip\corretto-build\buildRoot\hotspot\src\share\vm\prims\jni.cpp, line 736]
Event: 51.674 Thread 0x00000191b57bd000 Exception <a 'java/net/SocketTimeoutException': Read timed out> (0x00000000e305b3d0) thrown at [C:\wsjdk\Corretto8Src\installers\windows\zip\corretto-build\buildRoot\hotspot\src\share\vm\prims\jni.cpp, line 736]
Event: 51.675 Thread 0x00000191b0833000 Exception <a 'java/net/SocketTimeoutException': Read timed out> (0x00000000e2a18d60) thrown at [C:\wsjdk\Corretto8Src\installers\windows\zip\corretto-build\buildRoot\hotspot\src\share\vm\prims\jni.cpp, line 736]
Event: 51.798 Thread 0x00000191b57be000 Exception <a 'java/net/SocketTimeoutException': Read timed out> (0x00000000e21c7fa8) thrown at [C:\wsjdk\Corretto8Src\installers\windows\zip\corretto-build\buildRoot\hotspot\src\share\vm\prims\jni.cpp, line 736]
Event: 51.798 Thread 0x00000191b0833000 Exception <a 'java/net/SocketTimeoutException': Read timed out> (0x00000000e2a29198) thrown at [C:\wsjdk\Corretto8Src\installers\windows\zip\corretto-build\buildRoot\hotspot\src\share\vm\prims\jni.cpp, line 736]
Event: 51.813 Thread 0x00000191b57bd000 Exception <a 'java/net/SocketTimeoutException': Read timed out> (0x00000000e306b0f8) thrown at [C:\wsjdk\Corretto8Src\installers\windows\zip\corretto-build\buildRoot\hotspot\src\share\vm\prims\jni.cpp, line 736]
Event: 58.444 Thread 0x00000191b0833000 Exception <a 'java/net/SocketTimeoutException': Read timed out> (0x00000000e53dbf58) thrown at [C:\wsjdk\Corretto8Src\installers\windows\zip\corretto-build\buildRoot\hotspot\src\share\vm\prims\jni.cpp, line 736]
Event: 58.800 Thread 0x00000191b0833000 Exception <a 'java/net/SocketTimeoutException': Read timed out> (0x00000000e53fc4f0) thrown at [C:\wsjdk\Corretto8Src\installers\windows\zip\corretto-build\buildRoot\hotspot\src\share\vm\prims\jni.cpp, line 736]
Event: 58.985 Thread 0x00000191b0833000 Exception <a 'java/net/SocketTimeoutException': Read timed out> (0x00000000e541b8c8) thrown at [C:\wsjdk\Corretto8Src\installers\windows\zip\corretto-build\buildRoot\hotspot\src\share\vm\prims\jni.cpp, line 736]
Event: 62.586 Thread 0x00000191b57ba000 Exception <a 'java/net/SocketTimeoutException': Read timed out> (0x00000000e5db7848) thrown at [C:\wsjdk\Corretto8Src\installers\windows\zip\corretto-build\buildRoot\hotspot\src\share\vm\prims\jni.cpp, line 736]

Events (10 events):
Event: 66.681 Thread 0x00000191ae19b800 flushing nmethod 0x000001919a388450
Event: 68.975 Thread 0x00000191b0833000 Uncommon trap: trap_request=0xffffffd6 fr.pc=0x0000019199c6490c
Event: 68.975 Thread 0x00000191b0833000 DEOPT PACKING pc=0x0000019199c6490c sp=0x00000078568fafe0
Event: 68.975 Thread 0x00000191b0833000 DEOPT UNPACKING pc=0x00000191992c5583 sp=0x00000078568fafe0 mode 2
Event: 68.976 Thread 0x00000191b0833000 Uncommon trap: trap_request=0xffffffd6 fr.pc=0x0000019199c647e0
Event: 68.976 Thread 0x00000191b0833000 DEOPT PACKING pc=0x0000019199c647e0 sp=0x00000078568fafe0
Event: 68.976 Thread 0x00000191b0833000 DEOPT UNPACKING pc=0x00000191992c5583 sp=0x00000078568fafe0 mode 2
Event: 68.977 Thread 0x00000191b0833000 Uncommon trap: trap_request=0xffffffd6 fr.pc=0x0000019199c647e0
Event: 68.977 Thread 0x00000191b0833000 DEOPT PACKING pc=0x0000019199c647e0 sp=0x00000078568fafe0
Event: 68.977 Thread 0x00000191b0833000 DEOPT UNPACKING pc=0x00000191992c5583 sp=0x00000078568fafe0 mode 2


Dynamic libraries:
0x00007ff78f1b0000 - 0x00007ff78f1ea000 	C:\Users\Сергей\.jdks\corretto-1.8.0_372\bin\java.exe
0x00007ffb26530000 - 0x00007ffb26728000 	C:\WINDOWS\SYSTEM32\ntdll.dll
0x00007ffb26430000 - 0x00007ffb264ef000 	C:\WINDOWS\System32\KERNEL32.DLL
0x00007ffb24290000 - 0x00007ffb24586000 	C:\WINDOWS\System32\KERNELBASE.dll
0x00007ffb25d90000 - 0x00007ffb25e3f000 	C:\WINDOWS\System32\ADVAPI32.dll
0x00007ffb26140000 - 0x00007ffb261de000 	C:\WINDOWS\System32\msvcrt.dll
0x00007ffb258e0000 - 0x00007ffb2597c000 	C:\WINDOWS\System32\sechost.dll
0x00007ffb25310000 - 0x00007ffb25436000 	C:\WINDOWS\System32\RPCRT4.dll
0x00007ffb25be0000 - 0x00007ffb25d7d000 	C:\WINDOWS\System32\USER32.dll
0x00007ffb24260000 - 0x00007ffb24282000 	C:\WINDOWS\System32\win32u.dll
0x00007ffb26250000 - 0x00007ffb2627c000 	C:\WINDOWS\System32\GDI32.dll
0x00007ffb23ee0000 - 0x00007ffb23ff5000 	C:\WINDOWS\System32\gdi32full.dll
0x00007ffb23ca0000 - 0x00007ffb23d3d000 	C:\WINDOWS\System32\msvcp_win.dll
0x00007ffb24160000 - 0x00007ffb24260000 	C:\WINDOWS\System32\ucrtbase.dll
0x00007ffb12520000 - 0x00007ffb127ba000 	C:\WINDOWS\WinSxS\amd64_microsoft.windows.common-controls_6595b64144ccf1df_6.0.19041.1110_none_60b5254171f9507e\COMCTL32.dll
0x00007ffb26360000 - 0x00007ffb26390000 	C:\WINDOWS\System32\IMM32.DLL
0x00007ffafc040000 - 0x00007ffafc12f000 	C:\Users\Сергей\.jdks\corretto-1.8.0_372\jre\bin\msvcr120.dll
0x00007ffaf8450000 - 0x00007ffaf84f6000 	C:\Users\Сергей\.jdks\corretto-1.8.0_372\jre\bin\msvcp120.dll
0x0000000070c30000 - 0x00000000714a5000 	C:\Users\Сергей\.jdks\corretto-1.8.0_372\jre\bin\server\jvm.dll
0x00007ffb25570000 - 0x00007ffb25578000 	C:\WINDOWS\System32\PSAPI.DLL
0x00007ffb0e9b0000 - 0x00007ffb0e9b9000 	C:\WINDOWS\SYSTEM32\WSOCK32.dll
0x00007ffb05020000 - 0x00007ffb05047000 	C:\WINDOWS\SYSTEM32\WINMM.dll
0x00007ffb261e0000 - 0x00007ffb2624b000 	C:\WINDOWS\System32\WS2_32.dll
0x00007ffb1b500000 - 0x00007ffb1b50a000 	C:\WINDOWS\SYSTEM32\VERSION.dll
0x00007ffb1e9a0000 - 0x00007ffb1e9af000 	C:\Users\Сергей\.jdks\corretto-1.8.0_372\jre\bin\verify.dll
0x00007ffb11de0000 - 0x00007ffb11e09000 	C:\Users\Сергей\.jdks\corretto-1.8.0_372\jre\bin\java.dll
0x00007ffb11f50000 - 0x00007ffb11f66000 	C:\Users\Сергей\.jdks\corretto-1.8.0_372\jre\bin\zip.dll
0x00007ffb24590000 - 0x00007ffb24cd4000 	C:\WINDOWS\System32\SHELL32.dll
0x00007ffb218c0000 - 0x00007ffb22053000 	C:\WINDOWS\SYSTEM32\windows.storage.dll
0x00007ffb25580000 - 0x00007ffb258d4000 	C:\WINDOWS\System32\combase.dll
0x00007ffb23670000 - 0x00007ffb2369e000 	C:\WINDOWS\SYSTEM32\Wldp.dll
0x00007ffb24d40000 - 0x00007ffb24ded000 	C:\WINDOWS\System32\SHCORE.dll
0x00007ffb25b80000 - 0x00007ffb25bd5000 	C:\WINDOWS\System32\shlwapi.dll
0x00007ffb23b50000 - 0x00007ffb23b6f000 	C:\WINDOWS\SYSTEM32\profapi.dll
0x00007ffb11c40000 - 0x00007ffb11c5a000 	C:\Users\Сергей\.jdks\corretto-1.8.0_372\jre\bin\net.dll
0x00007ffb233d0000 - 0x00007ffb2343a000 	C:\WINDOWS\system32\mswsock.dll
0x00007ffb11c20000 - 0x00007ffb11c32000 	C:\Users\Сергей\.jdks\corretto-1.8.0_372\jre\bin\nio.dll
0x00007ffb0fe30000 - 0x00007ffb0fe56000 	C:\Users\Сергей\.gradle\native\31\windows-amd64\native-platform.dll
0x00007ffb1d950000 - 0x00007ffb1d95d000 	C:\Users\Сергей\.jdks\corretto-1.8.0_372\jre\bin\management.dll
0x00007ffb235c0000 - 0x00007ffb235d8000 	C:\WINDOWS\SYSTEM32\CRYPTSP.dll
0x00007ffb22c80000 - 0x00007ffb22cb4000 	C:\WINDOWS\system32\rsaenh.dll
0x00007ffb23eb0000 - 0x00007ffb23ed7000 	C:\WINDOWS\System32\bcrypt.dll
0x00007ffb23b10000 - 0x00007ffb23b3e000 	C:\WINDOWS\SYSTEM32\USERENV.dll
0x00007ffb23c10000 - 0x00007ffb23c92000 	C:\WINDOWS\System32\bcryptprimitives.dll
0x00007ffb235e0000 - 0x00007ffb235ec000 	C:\WINDOWS\SYSTEM32\CRYPTBASE.dll
0x00007ffb23070000 - 0x00007ffb230ac000 	C:\WINDOWS\SYSTEM32\IPHLPAPI.DLL
0x00007ffb26420000 - 0x00007ffb26428000 	C:\WINDOWS\System32\NSI.dll
0x00007ffb1a700000 - 0x00007ffb1a717000 	C:\WINDOWS\SYSTEM32\dhcpcsvc6.DLL
0x00007ffb1a450000 - 0x00007ffb1a46d000 	C:\WINDOWS\SYSTEM32\dhcpcsvc.DLL
0x00007ffb230c0000 - 0x00007ffb2318b000 	C:\WINDOWS\SYSTEM32\DNSAPI.dll
0x00007ffb0ad60000 - 0x00007ffb0ad83000 	C:\Users\Сергей\.jdks\corretto-1.8.0_372\jre\bin\sunec.dll
0x0000000072210000 - 0x0000000072236000 	C:\Program Files\Bonjour\mdnsNSP.dll
0x00007ffb12180000 - 0x00007ffb1218a000 	C:\Windows\System32\rasadhlp.dll
0x00007ffb119a0000 - 0x00007ffb11a22000 	C:\WINDOWS\System32\fwpuclnt.dll
0x00007ffb123f0000 - 0x00007ffb123fc000 	C:\Users\Сергей\.jdks\corretto-1.8.0_372\jre\bin\sunmscapi.dll
0x00007ffb24000000 - 0x00007ffb2415e000 	C:\WINDOWS\System32\CRYPT32.dll
0x00007ffb236e0000 - 0x00007ffb23708000 	C:\WINDOWS\SYSTEM32\ncrypt.dll
0x00007ffb236a0000 - 0x00007ffb236db000 	C:\WINDOWS\SYSTEM32\NTASN1.dll

VM Arguments:
jvm_args: -Xmx2048m -Dfile.encoding=windows-1251 -Duser.country=RU -Duser.language=ru -Duser.variant 
java_command: org.gradle.launcher.daemon.bootstrap.GradleDaemon 6.1.1
java_class_path (initial): C:\Users\Сергей\.gradle\wrapper\dists\gradle-6.1.1-all\cfmwm155h49vnt3hynmlrsdst\gradle-6.1.1\lib\gradle-launcher-6.1.1.jar
Launcher Type: SUN_STANDARD

Environment Variables:
PATH=C:\WINDOWS\system32;C:\WINDOWS;C:\WINDOWS\System32\Wbem;C:\WINDOWS\System32\WindowsPowerShell\v1.0\;C:\WINDOWS\System32\OpenSSH\;C:\Program Files\Git\cmd;C:\Program Files\PuTTY\;C:\Program Files (x86)\Bitvise SSH Client;C:\Users\Сергей\AppData\Local\Programs\Python\Python39\Scripts\;C:\Users\Сергей\AppData\Local\Programs\Python\Python39\;C:\Users\Сергей\AppData\Local\Microsoft\WindowsApps;C:\Users\Сергей\AppData\Local\GitHubDesktop\bin;C:\Program Files\JetBrains\PyCharm Community Edition 2021.1.1\bin;;C:\Users\Сергей\AppData\Local\atom\bin;C:\Users\Сергей\AppData\Local\Programs\Microsoft VS Code\bin;C:\Users\Сергей\AppData\Local\Microsoft\WindowsApps;;C:\Program Files\JetBrains\PhpStorm 2021.2.3\bin;
USERNAME=Сергей
OS=Windows_NT
PROCESSOR_IDENTIFIER=Intel64 Family 6 Model 61 Stepping 4, GenuineIntel



---------------  S Y S T E M  ---------------

OS: Windows 10 , 64 bit Build 19041 (10.0.19041.2913)

CPU:total 4 (initial active 4) (2 cores per cpu, 2 threads per core) family 6 model 61 stepping 4, cmov, cx8, fxsr, mmx, sse, sse2, sse3, ssse3, sse4.1, sse4.2, popcnt, avx, avx2, aes, clmul, erms, 3dnowpref, lzcnt, ht, tsc, tscinvbit, bmi1, bmi2, adx

Memory: 4k page, physical 6750892k(572872k free), swap 10846892k(5184k free)

vm_info: OpenJDK 64-Bit Server VM (25.372-b07) for windows-amd64 JRE (1.8.0_372-b07), built on Apr 17 2023 22:43:30 by "Administrator" with MS VC++ 12.0 (VS2013)

time: Sun Apr 30 22:32:58 2023
timezone: RTZ 8 (зима)
elapsed time: 68.992217 seconds (0d 0h 1m 8s)

